JvmtiExport can_access_local_variables 0
JvmtiExport can_hotswap_or_post_breakpoint 0
JvmtiExport can_post_on_exceptions 0
# 327 ciObject found
ciMethod java/lang/Object <init> ()V 4097 1 9881018 0 0
ciMethod java/lang/String length ()I 4097 1 74252 0 -1
ciMethod java/lang/String startsWith (Ljava/lang/String;)Z 2209 1 43232 0 -1
ciMethod java/lang/String endsWith (Ljava/lang/String;)Z 2145 1 4917 0 -1
ciMethod java/lang/System arraycopy (Ljava/lang/Object;ILjava/lang/Object;II)V 5121 1 640 0 -1
ciMethod java/io/InputStream <init> ()V 2105 1 25014 0 0
ciMethod java/lang/Math min (II)I 3705 1 156632 0 -1
ciMethod java/io/FilterInputStream <init> (Ljava/io/InputStream;)V 2049 1 1977 0 0
ciMethod java/io/FilterInputStream available ()I 6513 1 2541 0 -1
ciMethod java/util/Arrays copyOfRange ([BII)[B 4097 1 34545 0 480
ciMethodData java/lang/Object <init> ()V 2 9881020 orig 264 248 205 101 94 0 0 0 0 128 4 217 20 0 0 0 0 32 1 0 0 0 0 0 0 0 0 0 0 0 0 0 0 0 0 0 0 0 0 0 0 0 0 0 0 0 0 0 0 0 0 0 0 0 0 0 0 0 0 0 0 0 0 0 0 0 0 0 0 0 0 0 0 0 0 0 0 0 0 0 0 77 68 79 32 101 120 116 114 97 32 100 97 116 97 32 108 111 99 107 0 0 0 0 0 0 0 0 0 0 0 0 0 0 0 0 0 0 0 0 0 0 0 0 0 0 0 0 0 0 0 0 0 0 0 0 0 0 0 0 0 0 0 0 0 0 0 0 0 0 0 0 0 0 0 0 0 0 0 0 0 0 0 0 0 0 0 0 0 0 0 0 0 0 0 0 0 0 0 0 0 0 0 0 0 1 0 0 0 0 0 0 0 1 0 0 0 0 0 0 0 1 0 0 0 0 0 0 0 0 0 0 0 0 0 0 0 0 2 0 0 225 29 182 4 1 0 0 0 0 0 0 0 0 0 0 0 2 0 0 0 0 0 3 0 1 0 0 0 0 0 0 0 255 255 255 255 0 0 0 0 0 0 0 0 data 0 oops 0
ciMethod java/io/DataInputStream <init> (Ljava/io/InputStream;)V 245761 1 31927 0 0
ciMethod java/io/DataInputStream readUnsignedShort ()I 2281 1 179333 0 -1
ciMethodData java/io/InputStream <init> ()V 2 25014 orig 264 248 205 101 94 0 0 0 0 48 50 225 20 0 0 0 0 48 1 0 0 0 0 0 0 0 0 0 0 0 0 0 0 0 0 0 0 0 0 0 0 0 0 0 0 0 0 0 0 0 0 0 0 0 0 0 0 0 0 0 0 0 0 0 0 0 0 0 0 0 0 0 0 0 0 0 0 0 0 0 0 77 68 79 32 101 120 116 114 97 32 100 97 116 97 32 108 111 99 107 0 0 0 0 0 0 0 0 0 0 0 0 0 0 0 0 0 0 0 0 0 0 0 0 0 0 0 0 0 0 0 0 0 0 0 0 0 0 0 0 0 0 0 0 0 0 0 0 0 0 0 0 0 0 0 0 0 0 0 0 0 0 0 0 0 0 0 0 0 0 0 0 0 0 0 0 0 0 0 0 0 0 0 0 0 1 0 0 0 0 0 0 0 0 0 0 0 0 0 0 0 1 0 0 0 0 0 0 0 0 0 0 0 0 0 0 0 7 1 0 0 121 5 3 0 1 0 0 0 0 0 0 0 0 0 0 0 2 0 0 0 0 0 3 0 2 0 0 0 16 0 0 0 255 255 255 255 2 0 1 0 0 0 0 0 data 2 0x10002 0x60af oops 0
ciMethodData java/io/FilterInputStream <init> (Ljava/io/InputStream;)V 2 1977 orig 264 248 205 101 94 0 0 0 0 64 155 233 20 0 0 0 0 56 1 0 0 0 0 0 0 0 0 0 0 0 0 0 0 0 0 0 0 0 0 0 0 0 0 0 0 0 0 0 0 0 0 0 0 0 0 0 0 0 0 0 0 0 0 0 0 0 0 0 0 0 0 0 0 0 0 0 0 0 0 0 0 77 68 79 32 101 120 116 114 97 32 100 97 116 97 32 108 111 99 107 0 0 0 0 0 0 0 0 0 0 0 0 0 0 0 0 0 0 0 0 0 0 0 0 0 0 0 0 0 0 0 0 0 0 0 0 0 0 0 0 0 0 0 0 0 0 0 0 0 0 0 0 0 0 0 0 0 0 0 0 0 0 0 0 0 0 0 0 0 0 0 0 0 0 0 0 0 0 0 0 0 0 0 0 0 0 0 0 0 0 0 0 0 0 0 0 0 0 0 0 0 0 0 0 0 0 0 0 0 0 0 0 0 0 0 0 0 0 1 0 0 201 53 0 0 1 0 0 0 0 0 0 0 0 0 0 0 2 0 0 0 0 0 3 0 2 0 0 0 16 0 0 0 255 255 255 255 2 0 1 0 0 0 0 0 data 2 0x10002 0x6b9 oops 0
ciMethodData java/util/Arrays copyOfRange ([BII)[B 2 34545 orig 264 248 205 101 94 0 0 0 0 144 50 235 20 0 0 0 0 120 2 0 0 240 0 0 0 0 0 0 0 0 0 0 0 0 0 0 0 0 0 0 0 0 0 0 0 0 0 0 0 0 0 0 0 0 0 0 0 0 0 0 0 0 0 0 0 0 0 0 0 0 0 0 0 0 0 0 0 0 0 0 0 77 68 79 32 101 120 116 114 97 32 100 97 116 97 32 108 111 99 107 0 0 0 0 0 0 0 0 0 0 0 0 0 0 0 0 0 0 0 0 0 0 0 0 0 0 0 0 0 0 0 0 0 0 0 0 0 0 0 0 0 0 0 0 0 0 0 0 0 0 0 0 0 0 0 0 0 0 0 0 0 0 0 0 0 0 0 0 0 0 0 0 0 0 0 0 0 0 0 0 0 0 0 0 0 0 0 0 0 0 0 0 0 0 0 0 0 0 0 0 0 0 0 0 0 0 0 0 0 0 0 0 0 0 0 0 0 0 2 0 0 137 39 4 0 1 0 0 0 0 0 0 0 0 0 0 0 2 0 0 0 0 0 9 0 2 0 0 0 32 1 0 0 255 255 255 255 7 0 5 0 0 0 0 0 data 36 0x50007 0x84f1 0x100 0x0 0x100002 0x0 0x140005 0x0 0x0 0x0 0x0 0x0 0x190005 0x0 0x0 0x0 0x0 0x0 0x1d0005 0x0 0x0 0x0 0x0 0x0 0x200005 0x0 0x0 0x0 0x0 0x0 0x230002 0x0 0x360002 0x84f1 0x390002 0x84f1 oops 0
ciMethodData java/io/DataInputStream <init> (Ljava/io/InputStream;)V 2 31927 orig 264 248 205 101 94 0 0 0 0 128 1 6 21 0 0 0 0 56 1 0 0 0 0 0 0 0 0 0 0 0 0 0 0 0 0 0 0 0 0 0 0 0 0 0 0 0 0 0 0 0 0 0 0 0 0 0 0 0 0 0 0 0 0 0 0 0 0 0 0 0 0 0 0 0 0 0 0 0 0 0 0 77 68 79 32 101 120 116 114 97 32 100 97 116 97 32 108 111 99 107 0 0 0 0 0 0 0 0 0 0 0 0 0 0 0 0 0 0 0 0 0 0 0 0 0 0 0 0 0 0 0 0 0 0 0 0 0 0 0 0 0 0 0 0 0 0 0 0 0 0 0 0 0 0 0 0 0 0 0 0 0 0 0 0 0 0 0 0 0 0 0 0 0 0 0 0 0 0 0 0 0 0 0 0 0 0 0 0 0 0 0 0 0 0 0 0 0 0 0 0 0 0 0 0 0 0 0 0 0 0 0 0 0 0 0 0 0 0 1 0 0 185 37 0 0 1 0 0 0 0 0 0 0 0 0 0 0 2 0 0 0 0 0 3 0 2 0 0 0 16 0 0 0 255 255 255 255 2 0 2 0 0 0 0 0 data 2 0x20002 0x4b7 oops 0
ciMethod com/android/dx/cf/direct/AttributeFactory parse0 (Lcom/android/dx/cf/direct/DirectClassFile;ILjava/lang/String;IILcom/android/dx/cf/iface/ParseObserver;)Lcom/android/dx/cf/iface/Attribute; 569 1 10356 0 -1
ciMethod com/android/dx/cf/direct/StdAttributeFactory parse0 (Lcom/android/dx/cf/direct/DirectClassFile;ILjava/lang/String;IILcom/android/dx/cf/iface/ParseObserver;)Lcom/android/dx/cf/iface/Attribute; 33265 1 115805 0 -1
ciMethod com/android/dx/cf/direct/StdAttributeFactory annotationDefault (Lcom/android/dx/cf/direct/DirectClassFile;IILcom/android/dx/cf/iface/ParseObserver;)Lcom/android/dx/cf/iface/Attribute; 0 0 32 0 0
ciMethod com/android/dx/cf/direct/StdAttributeFactory bootstrapMethods (Lcom/android/dx/cf/direct/DirectClassFile;IILcom/android/dx/cf/iface/ParseObserver;)Lcom/android/dx/cf/iface/Attribute; 0 0 1 0 -1
ciMethod com/android/dx/cf/direct/StdAttributeFactory code (Lcom/android/dx/cf/direct/DirectClassFile;IILcom/android/dx/cf/iface/ParseObserver;)Lcom/android/dx/cf/iface/Attribute; 1865 1 26146 0 -1
ciMethod com/android/dx/cf/direct/StdAttributeFactory constantValue (Lcom/android/dx/cf/direct/DirectClassFile;IILcom/android/dx/cf/iface/ParseObserver;)Lcom/android/dx/cf/iface/Attribute; 122793 1 15517 0 0
ciMethod com/android/dx/cf/direct/StdAttributeFactory deprecated (Lcom/android/dx/cf/direct/DirectClassFile;IILcom/android/dx/cf/iface/ParseObserver;)Lcom/android/dx/cf/iface/Attribute; 0 0 577 0 0
ciMethod com/android/dx/cf/direct/StdAttributeFactory enclosingMethod (Lcom/android/dx/cf/direct/DirectClassFile;IILcom/android/dx/cf/iface/ParseObserver;)Lcom/android/dx/cf/iface/Attribute; 2713 1 596 0 -1
ciMethod com/android/dx/cf/direct/StdAttributeFactory exceptions (Lcom/android/dx/cf/direct/DirectClassFile;IILcom/android/dx/cf/iface/ParseObserver;)Lcom/android/dx/cf/iface/Attribute; 4153 1 722 0 0
ciMethod com/android/dx/cf/direct/StdAttributeFactory innerClasses (Lcom/android/dx/cf/direct/DirectClassFile;IILcom/android/dx/cf/iface/ParseObserver;)Lcom/android/dx/cf/iface/Attribute; 28065 83113 3645 0 -1
ciMethod com/android/dx/cf/direct/StdAttributeFactory lineNumberTable (Lcom/android/dx/cf/direct/DirectClassFile;IILcom/android/dx/cf/iface/ParseObserver;)Lcom/android/dx/cf/iface/Attribute; 1865 4233 23914 0 3648
ciMethod com/android/dx/cf/direct/StdAttributeFactory localVariableTable (Lcom/android/dx/cf/direct/DirectClassFile;IILcom/android/dx/cf/iface/ParseObserver;)Lcom/android/dx/cf/iface/Attribute; 146521 1 18601 0 0
ciMethod com/android/dx/cf/direct/StdAttributeFactory localVariableTypeTable (Lcom/android/dx/cf/direct/DirectClassFile;IILcom/android/dx/cf/iface/ParseObserver;)Lcom/android/dx/cf/iface/Attribute; 12657 1 1839 0 0
ciMethod com/android/dx/cf/direct/StdAttributeFactory parseLocalVariables (Lcom/android/dx/util/ByteArray;Lcom/android/dx/rop/cst/ConstantPool;Lcom/android/dx/cf/iface/ParseObserver;IZ)Lcom/android/dx/cf/code/LocalVariableList; 65777 171481 24744 0 6240
ciMethod com/android/dx/cf/direct/StdAttributeFactory runtimeInvisibleAnnotations (Lcom/android/dx/cf/direct/DirectClassFile;IILcom/android/dx/cf/iface/ParseObserver;)Lcom/android/dx/cf/iface/Attribute; 35657 1 3822 0 0
ciMethod com/android/dx/cf/direct/StdAttributeFactory runtimeVisibleAnnotations (Lcom/android/dx/cf/direct/DirectClassFile;IILcom/android/dx/cf/iface/ParseObserver;)Lcom/android/dx/cf/iface/Attribute; 4345 1 773 0 0
ciMethod com/android/dx/cf/direct/StdAttributeFactory runtimeInvisibleParameterAnnotations (Lcom/android/dx/cf/direct/DirectClassFile;IILcom/android/dx/cf/iface/ParseObserver;)Lcom/android/dx/cf/iface/Attribute; 20537 1 2768 0 0
ciMethod com/android/dx/cf/direct/StdAttributeFactory runtimeVisibleParameterAnnotations (Lcom/android/dx/cf/direct/DirectClassFile;IILcom/android/dx/cf/iface/ParseObserver;)Lcom/android/dx/cf/iface/Attribute; 0 0 4 0 0
ciMethod com/android/dx/cf/direct/StdAttributeFactory signature (Lcom/android/dx/cf/direct/DirectClassFile;IILcom/android/dx/cf/iface/ParseObserver;)Lcom/android/dx/cf/iface/Attribute; 16513 1 2935 0 0
ciMethod com/android/dx/cf/direct/StdAttributeFactory sourceDebugExtension (Lcom/android/dx/cf/direct/DirectClassFile;IILcom/android/dx/cf/iface/ParseObserver;)Lcom/android/dx/cf/iface/Attribute; 0 0 1 0 -1
ciMethod com/android/dx/cf/direct/StdAttributeFactory sourceFile (Lcom/android/dx/cf/direct/DirectClassFile;IILcom/android/dx/cf/iface/ParseObserver;)Lcom/android/dx/cf/iface/Attribute; 23617 1 3213 0 -1
ciMethod com/android/dx/cf/direct/StdAttributeFactory synthetic (Lcom/android/dx/cf/direct/DirectClassFile;IILcom/android/dx/cf/iface/ParseObserver;)Lcom/android/dx/cf/iface/Attribute; 0 0 1 0 -1
ciMethod com/android/dx/cf/direct/StdAttributeFactory throwSeverelyTruncated ()Lcom/android/dx/cf/iface/Attribute; 0 0 1 0 0
ciMethod com/android/dx/cf/direct/StdAttributeFactory throwTruncated ()Lcom/android/dx/cf/iface/Attribute; 0 0 1 0 -1
ciMethod com/android/dx/cf/direct/StdAttributeFactory throwBadLength (I)Lcom/android/dx/cf/iface/Attribute; 0 0 1 0 0
ciMethod com/android/dx/rop/cst/CstType getClassType ()Lcom/android/dx/rop/type/Type; 1041 1 130 0 -1
ciMethod com/android/dx/cf/direct/DirectClassFile getBytes ()Lcom/android/dx/util/ByteArray; 1233 1 154 0 0
ciMethod com/android/dx/cf/direct/DirectClassFile getConstantPool ()Lcom/android/dx/rop/cst/ConstantPool; 4097 1 139512 0 0
ciMethod com/android/dx/cf/direct/DirectClassFile makeTypeList (II)Lcom/android/dx/rop/type/TypeList; 48905 1 5814 0 0
ciMethod com/android/dx/cf/direct/DirectClassFile getMagic0 ()I 3065 1 716 0 -1
ciMethod com/android/dx/cf/direct/DirectClassFile getMinorVersion0 ()I 0 0 1 0 -1
ciMethod com/android/dx/cf/direct/DirectClassFile getMajorVersion0 ()I 0 0 1 0 -1
ciMethod com/android/dx/cf/direct/DirectClassFile parseToInterfacesIfNecessary ()V 4097 1 184642 0 0
ciMethod com/android/dx/cf/direct/DirectClassFile parse ()V 32777 1 4568 0 0
ciMethod com/android/dx/cf/direct/DirectClassFile isGoodMagic (I)Z 0 0 1 0 -1
ciMethod com/android/dx/cf/direct/DirectClassFile isGoodVersion (II)Z 0 0 1 0 -1
ciMethod com/android/dx/cf/direct/DirectClassFile parse0 ()V 32865 1 4568 0 0
ciMethod com/android/dx/rop/cst/ConstantPool get (I)Lcom/android/dx/rop/cst/Constant; 0 0 1 0 -1
ciMethod com/android/dx/rop/cst/ConstantPool get0Ok (I)Lcom/android/dx/rop/cst/Constant; 0 0 1 0 -1
ciMethod com/android/dx/rop/type/TypeList isMutable ()Z 0 0 1 0 -1
ciMethod com/android/dx/util/ByteArray <init> ([BII)V 4097 1 189067 0 192
ciMethod com/android/dx/util/ByteArray <init> ([B)V 4097 1 186995 0 0
ciMethod com/android/dx/util/ByteArray size ()I 1057 1 132 0 -1
ciMethod com/android/dx/util/ByteArray slice (II)Lcom/android/dx/util/ByteArray; 4097 1 186020 0 768
ciMethod com/android/dx/util/ByteArray getInt (I)I 905 1 46799 0 -1
ciMethod com/android/dx/util/ByteArray getUnsignedShort (I)I 3281 1 1067344 0 288
ciMethod com/android/dx/util/ByteArray checkOffsets (II)V 4097 1 6718 0 128
ciMethod com/android/dx/util/ByteArray getUnsignedByte0 (I)I 2617 1 2900290 0 96
ciMethod com/android/dx/util/ByteArray makeDataInputStream ()Lcom/android/dx/util/ByteArray$MyDataInputStream; 4217 1 18300 0 0
ciMethod com/android/dx/util/ByteArray makeInputStream ()Lcom/android/dx/util/ByteArray$MyInputStream; 2041 1 18029 0 0
ciMethod com/android/dx/cf/cst/ConstantPoolParser <init> (Lcom/android/dx/util/ByteArray;)V 38193 1 4568 0 -1
ciMethod com/android/dx/cf/cst/ConstantPoolParser setObserver (Lcom/android/dx/cf/iface/ParseObserver;)V 3153 1 725 0 -1
ciMethod com/android/dx/cf/cst/ConstantPoolParser getEndOffset ()I 3137 1 725 0 -1
ciMethod com/android/dx/cf/cst/ConstantPoolParser getPool ()Lcom/android/dx/rop/cst/StdConstantPool; 3153 1 725 0 -1
ciMethod com/android/dx/rop/cst/StdConstantPool get0Ok (I)Lcom/android/dx/rop/cst/Constant; 1153 1 4000 0 -1
ciMethod com/android/dx/rop/cst/StdConstantPool get (I)Lcom/android/dx/rop/cst/Constant; 4097 1 298826 0 -1
ciMethod com/android/dx/util/MutabilityControl setImmutable ()V 4105 1 2255862 0 -1
ciMethod com/android/dx/util/MutabilityControl isMutable ()Z 1601 1 200 0 0
ciMethod com/android/dx/rop/type/Type getClassName ()Ljava/lang/String; 0 0 1 0 -1
ciMethodData com/android/dx/util/ByteArray getUnsignedByte0 (I)I 2 2900290 orig 264 248 205 101 94 0 0 0 0 136 240 28 21 0 0 0 0 40 1 0 0 0 0 0 0 0 0 0 0 0 0 0 0 0 0 0 0 0 0 0 0 0 0 0 0 0 0 0 0 0 0 0 0 0 0 0 0 0 0 0 0 0 0 0 0 0 0 0 0 0 0 0 0 0 0 0 0 0 0 0 0 77 68 79 32 101 120 116 114 97 32 100 97 116 97 32 108 111 99 107 0 0 0 0 0 0 0 0 0 0 0 0 0 0 0 0 0 0 0 0 0 0 0 0 0 0 0 0 0 0 0 0 0 0 0 0 0 0 0 0 0 0 0 0 0 0 0 0 0 0 0 0 0 0 0 0 0 0 0 0 0 0 0 0 0 0 0 0 0 0 0 0 0 0 0 0 0 0 0 0 0 0 0 0 0 1 0 0 0 0 0 0 0 0 0 0 0 0 0 0 0 1 0 0 0 0 0 0 0 0 0 0 0 0 0 0 0 71 1 0 0 217 255 97 1 1 0 0 0 0 0 0 0 0 0 0 0 2 0 0 0 0 0 3 0 1 0 0 0 0 0 0 0 255 255 255 255 0 0 0 0 0 0 0 0 data 0 oops 0
ciMethodData com/android/dx/util/ByteArray checkOffsets (II)V 2 6718 orig 264 248 205 101 94 0 0 0 0 0 239 28 21 0 0 0 0 40 3 0 0 64 0 0 0 0 0 0 0 0 0 0 0 0 0 0 0 0 0 0 0 0 0 0 0 0 0 0 0 0 0 0 0 0 0 0 0 0 0 0 0 0 0 0 0 0 0 0 0 0 0 0 0 0 0 0 0 0 0 0 0 77 68 79 32 101 120 116 114 97 32 100 97 116 97 32 108 111 99 107 0 0 0 0 0 0 0 0 0 0 0 0 0 0 0 0 0 0 0 0 0 0 0 0 0 0 0 0 0 0 0 0 0 0 0 0 0 0 0 0 0 0 0 0 0 0 0 0 0 0 0 0 0 0 0 0 0 0 0 0 0 0 0 0 0 0 0 0 0 0 0 0 0 0 0 0 0 0 0 0 0 0 0 0 0 25 0 0 0 0 0 0 0 0 0 0 0 0 0 0 0 1 0 0 0 0 0 0 0 0 0 0 0 0 0 0 0 0 2 0 0 241 193 0 0 1 0 0 0 0 0 0 0 0 0 0 0 2 0 0 0 0 0 10 0 2 0 0 0 208 1 0 0 255 255 255 255 7 0 1 0 0 0 0 0 data 58 0x10007 0x0 0x60 0x183e 0x60007 0x0 0x40 0x183e 0xe0007 0x183e 0x190 0x0 0x190002 0x0 0x1e0005 0x0 0x0 0x0 0x0 0x0 0x220005 0x0 0x0 0x0 0x0 0x0 0x270005 0x0 0x0 0x0 0x0 0x0 0x2b0005 0x0 0x0 0x0 0x0 0x0 0x300005 0x0 0x0 0x0 0x0 0x0 0x370005 0x0 0x0 0x0 0x0 0x0 0x3a0005 0x0 0x0 0x0 0x0 0x0 0x3d0002 0x0 oops 0
ciMethod com/android/dx/cf/direct/DirectClassFile$DcfTypeList <init> (Lcom/android/dx/util/ByteArray;IILcom/android/dx/rop/cst/StdConstantPool;Lcom/android/dx/cf/iface/ParseObserver;)V 26417 32145 3262 0 -1
ciMethod com/android/dx/cf/direct/FieldListParser <init> (Lcom/android/dx/cf/direct/DirectClassFile;Lcom/android/dx/rop/cst/CstType;ILcom/android/dx/cf/direct/AttributeFactory;)V 3137 1 725 0 -1
ciMethod com/android/dx/cf/direct/FieldListParser getList ()Lcom/android/dx/cf/iface/StdFieldList; 3145 1 725 0 -1
ciMethod com/android/dx/cf/direct/MemberListParser getEndOffset ()I 6305 1 1450 0 -1
ciMethod com/android/dx/cf/direct/MemberListParser setObserver (Lcom/android/dx/cf/iface/ParseObserver;)V 6305 1 1450 0 -1
ciMethod com/android/dx/cf/direct/AttributeListParser <init> (Lcom/android/dx/cf/direct/DirectClassFile;IILcom/android/dx/cf/direct/AttributeFactory;)V 3097 1 82236 0 -1
ciMethod com/android/dx/cf/direct/AttributeListParser setObserver (Lcom/android/dx/cf/iface/ParseObserver;)V 3097 1 66144 0 -1
ciMethod com/android/dx/cf/direct/AttributeListParser getEndOffset ()I 4097 1 67408 0 -1
ciMethod com/android/dx/cf/direct/AttributeListParser getList ()Lcom/android/dx/cf/iface/StdAttributeList; 4097 1 67408 0 -1
ciMethod com/android/dx/cf/direct/MethodListParser <init> (Lcom/android/dx/cf/direct/DirectClassFile;Lcom/android/dx/rop/cst/CstType;ILcom/android/dx/cf/direct/AttributeFactory;)V 3137 1 725 0 -1
ciMethod com/android/dx/cf/direct/MethodListParser getList ()Lcom/android/dx/cf/iface/StdMethodList; 3145 1 725 0 -1
ciMethod com/android/dx/cf/code/BytecodeArray <init> (Lcom/android/dx/util/ByteArray;Lcom/android/dx/rop/cst/ConstantPool;)V 2897 1 26146 0 -1
ciMethod com/android/dx/cf/code/ByteCatchList <init> (I)V 9 1 7657 0 -1
ciMethod com/android/dx/cf/code/ByteCatchList set (IIIILcom/android/dx/rop/cst/CstType;)V 0 0 2145 0 -1
ciMethod com/android/dx/cf/code/LineNumberList <init> (I)V 2905 1 23915 0 -1
ciMethod com/android/dx/cf/code/LineNumberList set (III)V 4097 1 112463 0 -1
ciMethod com/android/dx/cf/attrib/AttLineNumberTable <init> (Lcom/android/dx/cf/code/LineNumberList;)V 2897 1 23914 0 -1
ciMethod com/android/dx/cf/attrib/BaseAttribute <init> (Ljava/lang/String;)V 4097 1 64469 0 0
ciMethod com/android/dx/cf/attrib/AttCode <init> (IILcom/android/dx/cf/code/BytecodeArray;Lcom/android/dx/cf/code/ByteCatchList;Lcom/android/dx/cf/iface/AttributeList;)V 2897 1 26146 0 -1
ciMethodData com/android/dx/util/ByteArray getUnsignedShort (I)I 2 1067344 orig 264 248 205 101 94 0 0 0 0 8 237 28 21 0 0 0 0 88 1 0 0 0 0 0 0 0 0 0 0 0 0 0 0 0 0 0 0 0 0 0 0 0 0 0 0 0 0 0 0 0 0 0 0 0 0 0 0 0 0 0 0 0 0 0 0 0 0 0 0 0 0 0 0 0 0 0 0 0 0 0 0 77 68 79 32 101 120 116 114 97 32 100 97 116 97 32 108 111 99 107 0 0 0 0 0 0 0 0 0 0 0 0 0 0 0 0 0 0 0 0 0 0 0 0 0 0 0 0 0 0 0 0 0 0 0 0 0 0 0 0 0 0 0 0 0 0 0 0 0 0 0 0 0 0 0 0 0 0 0 0 0 0 0 0 0 0 0 0 0 0 0 0 0 0 0 0 0 0 0 0 0 0 0 0 0 17 0 0 0 0 0 0 0 0 0 0 0 0 0 0 0 1 0 0 0 0 0 0 0 0 0 0 0 0 0 0 0 154 1 0 0 177 61 130 0 1 0 0 0 0 0 0 0 0 0 0 0 2 0 0 0 0 0 3 0 2 0 0 0 48 0 0 0 255 255 255 255 2 0 5 0 0 0 0 0 data 6 0x50002 0x1047b8 0xa0002 0x1047b8 0x140002 0x1047bc oops 0
ciMethod com/android/dx/cf/code/LocalVariableList <init> (I)V 4193 1 17036 0 -1
ciMethod com/android/dx/cf/code/LocalVariableList set (IIILcom/android/dx/rop/cst/CstString;Lcom/android/dx/rop/cst/CstString;Lcom/android/dx/rop/cst/CstString;I)V 4513 1 47513 0 -1
ciMethodData com/android/dx/util/ByteArray <init> ([B)V 2 187046 orig 264 248 205 101 94 0 0 0 0 200 229 28 21 0 0 0 0 56 1 0 0 0 0 0 0 0 0 0 0 0 0 0 0 0 0 0 0 0 0 0 0 0 0 0 0 0 0 0 0 0 0 0 0 0 0 0 0 0 0 0 0 0 0 0 0 0 0 0 0 0 0 0 0 0 0 0 0 0 0 0 0 77 68 79 32 101 120 116 114 97 32 100 97 116 97 32 108 111 99 107 0 0 0 0 0 0 0 0 0 0 0 0 0 0 0 0 0 0 0 0 0 0 0 0 0 0 0 0 0 0 0 0 0 0 0 0 0 0 0 0 0 0 0 0 0 0 0 0 0 0 0 0 0 0 0 0 0 0 0 0 0 0 0 0 0 0 0 0 0 0 0 0 0 0 0 0 0 0 0 0 0 0 0 0 0 0 0 0 0 0 0 0 0 0 0 0 0 0 0 0 0 0 0 0 0 0 0 0 0 0 0 0 0 0 0 0 0 0 2 0 0 49 197 22 0 1 0 0 0 0 0 0 0 0 0 0 0 2 0 0 0 0 0 3 0 2 0 0 0 16 0 0 0 255 255 255 255 2 0 5 0 0 0 0 0 data 2 0x50002 0x2d8a6 oops 0
ciMethodData com/android/dx/util/ByteArray <init> ([BII)V 2 189067 orig 264 248 205 101 94 0 0 0 0 248 228 28 21 0 0 0 0 8 2 0 0 144 0 0 0 0 0 0 0 0 0 0 0 0 0 0 0 0 0 0 0 0 0 0 0 0 0 0 0 0 0 0 0 0 0 0 0 0 0 0 0 0 0 0 0 0 0 0 0 0 0 0 0 0 0 0 0 0 0 0 0 77 68 79 32 101 120 116 114 97 32 100 97 116 97 32 108 111 99 107 0 0 0 0 0 0 0 0 0 0 0 0 0 0 0 0 0 0 0 0 0 0 0 0 0 0 0 0 0 0 0 0 0 0 0 0 0 0 0 0 0 0 0 0 0 0 0 0 0 0 0 0 0 0 0 0 0 0 0 0 0 0 0 0 0 0 0 0 0 0 0 0 0 0 0 0 0 0 0 0 0 0 0 0 0 0 0 0 0 0 0 0 0 0 0 0 0 0 0 0 0 0 0 0 0 0 0 0 0 0 0 0 0 0 0 0 0 0 2 0 0 89 4 23 0 1 0 0 0 0 0 0 0 0 0 0 0 2 0 0 0 0 0 11 0 2 0 0 0 208 0 0 0 255 255 255 255 2 0 1 0 0 0 0 0 data 26 0x10002 0x2e08b 0x50007 0x2e08c 0x30 0x0 0xe0002 0x0 0x130007 0x2e08c 0x30 0x0 0x1c0002 0x0 0x220007 0x2e08c 0x30 0x0 0x2b0002 0x0 0x320007 0x2e08c 0x30 0x0 0x3b0002 0x0 oops 0
ciMethodData com/android/dx/util/ByteArray slice (II)Lcom/android/dx/util/ByteArray; 2 186071 orig 264 248 205 101 94 0 0 0 0 72 231 28 21 0 0 0 0 136 1 0 0 0 0 0 0 0 0 0 0 0 0 0 0 0 0 0 0 0 0 0 0 0 0 0 0 0 0 0 0 0 0 0 0 0 0 0 0 0 0 0 0 0 0 0 0 0 0 0 0 0 0 0 0 0 0 0 0 0 0 0 0 77 68 79 32 101 120 116 114 97 32 100 97 116 97 32 108 111 99 107 0 0 0 0 0 0 0 0 0 0 0 0 0 0 0 0 0 0 0 0 0 0 0 0 0 0 0 0 0 0 0 0 0 0 0 0 0 0 0 0 0 0 0 0 0 0 0 0 0 0 0 0 0 0 0 0 0 0 0 0 0 0 0 0 0 0 0 0 0 0 0 0 0 0 0 0 0 0 0 0 0 0 0 0 0 29 0 0 0 0 0 0 0 0 0 0 0 0 0 0 0 1 0 0 0 0 0 0 0 0 0 0 0 0 0 0 0 0 2 0 0 185 166 22 0 1 0 0 0 0 0 0 0 0 0 0 0 2 0 0 0 0 0 3 0 2 0 0 0 48 0 0 0 255 255 255 255 2 0 3 0 0 0 0 0 data 6 0x30002 0x2d4d7 0xc0002 0x2d4d7 0x150002 0x2d4d7 oops 0
ciMethodData com/android/dx/cf/direct/DirectClassFile parseToInterfacesIfNecessary ()V 2 184642 orig 264 248 205 101 94 0 0 0 0 56 184 28 21 0 0 0 0 80 1 0 0 0 0 0 0 0 0 0 0 0 0 0 0 0 0 0 0 0 0 0 0 0 0 0 0 0 0 0 0 0 0 0 0 0 0 0 0 0 0 0 0 0 0 0 0 0 0 0 0 0 0 0 0 0 0 0 0 0 0 0 0 77 68 79 32 101 120 116 114 97 32 100 97 116 97 32 108 111 99 107 0 0 0 0 0 0 0 0 0 0 0 0 0 0 0 0 0 0 0 0 0 0 0 0 0 0 0 0 0 0 0 0 0 0 0 0 0 0 0 0 0 0 0 0 0 0 0 0 0 0 0 0 0 0 0 0 0 0 0 0 0 0 0 0 0 0 0 0 0 0 0 0 0 0 0 0 0 0 0 0 0 0 0 0 0 17 0 0 0 0 0 0 0 0 0 0 0 0 0 0 0 0 0 0 0 0 0 0 0 0 0 0 0 0 0 0 0 0 2 0 0 17 122 22 0 1 0 0 0 0 0 0 0 0 0 0 0 2 0 0 0 0 0 6 0 2 0 0 0 48 0 0 0 255 255 255 255 7 0 5 0 0 0 0 0 data 6 0x50007 0x2cc7b 0x30 0x2c7 0x90002 0x2c7 oops 0
ciMethod com/android/dx/cf/attrib/AttSignature <init> (Lcom/android/dx/rop/cst/CstString;)V 2097 1 874 0 0
ciMethod com/android/dx/cf/attrib/AttConstantValue <init> (Lcom/android/dx/rop/cst/TypedConstant;)V 124849 1 15554 0 0
ciMethodData com/android/dx/cf/direct/DirectClassFile parse ()V 1 4568 orig 264 248 205 101 94 0 0 0 0 72 186 28 21 0 0 0 0 32 3 0 0 0 0 0 0 0 0 0 0 0 0 0 0 0 0 0 0 0 0 0 0 0 0 0 0 0 0 0 0 0 0 0 0 0 0 0 0 0 0 0 0 0 0 0 0 0 0 0 0 0 0 0 0 0 0 0 0 0 0 0 0 77 68 79 32 101 120 116 114 97 32 100 97 116 97 32 108 111 99 107 0 0 0 0 0 0 0 0 0 0 0 0 0 0 0 0 0 0 0 0 0 0 0 0 0 0 0 0 0 0 0 0 0 0 0 0 0 0 0 0 0 0 0 0 0 0 0 0 0 0 0 0 0 0 0 0 0 0 0 0 0 0 0 0 0 0 0 0 0 0 0 0 0 0 0 0 0 0 0 0 0 0 0 0 0 25 0 0 0 0 0 0 0 0 0 0 0 0 0 0 0 0 0 0 0 0 0 0 0 0 0 0 0 0 0 0 0 9 0 0 0 185 14 0 0 1 0 0 0 0 0 0 0 0 0 0 0 2 0 0 0 0 0 7 0 2 0 0 0 216 1 0 0 255 255 255 255 2 0 1 0 0 0 0 0 data 59 0x10002 0x1d7 0x40003 0x1d6 0x1c8 0xd0002 0x0 0x120005 0x0 0x0 0x0 0x0 0x0 0x190005 0x0 0x0 0x0 0x0 0x0 0x1c0005 0x0 0x0 0x0 0x0 0x0 0x1f0005 0x0 0x0 0x0 0x0 0x0 0x2a0002 0x0 0x330002 0x0 0x380005 0x0 0x0 0x0 0x0 0x0 0x3f0005 0x0 0x0 0x0 0x0 0x0 0x420005 0x0 0x0 0x0 0x0 0x0 0x450005 0x0 0x0 0x0 0x0 0x0 oops 0
ciMethodData com/android/dx/cf/direct/DirectClassFile getConstantPool ()Lcom/android/dx/rop/cst/ConstantPool; 2 139512 orig 264 248 205 101 94 0 0 0 0 32 176 28 21 0 0 0 0 48 1 0 0 0 0 0 0 0 0 0 0 0 0 0 0 0 0 0 0 0 0 0 0 0 0 0 0 0 0 0 0 0 0 0 0 0 0 0 0 0 0 0 0 0 0 0 0 0 0 0 0 0 0 0 0 0 0 0 0 0 0 0 0 77 68 79 32 101 120 116 114 97 32 100 97 116 97 32 108 111 99 107 0 0 0 0 0 0 0 0 0 0 0 0 0 0 0 0 0 0 0 0 0 0 0 0 0 0 0 0 0 0 0 0 0 0 0 0 0 0 0 0 0 0 0 0 0 0 0 0 0 0 0 0 0 0 0 0 0 0 0 0 0 0 0 0 0 0 0 0 0 0 0 0 0 0 0 0 0 0 0 0 0 0 0 0 0 17 0 0 0 0 0 0 0 0 0 0 0 0 0 0 0 0 0 0 0 0 0 0 0 0 0 0 0 0 0 0 0 0 2 0 0 193 247 16 0 1 0 0 0 0 0 0 0 0 0 0 0 2 0 0 0 0 0 7 0 2 0 0 0 16 0 0 0 255 255 255 255 2 0 1 0 0 0 0 0 data 2 0x10002 0x21ef8 oops 0
ciMethodData com/android/dx/cf/direct/StdAttributeFactory parse0 (Lcom/android/dx/cf/direct/DirectClassFile;ILjava/lang/String;IILcom/android/dx/cf/iface/ParseObserver;)Lcom/android/dx/cf/iface/Attribute; 2 115820 orig 264 248 205 101 94 0 0 0 0 0 184 25 21 0 0 0 0 88 7 0 0 176 4 0 0 0 0 0 0 0 0 0 0 0 0 0 0 0 0 0 0 0 0 0 0 0 0 0 0 0 0 0 0 0 0 0 0 0 0 0 0 0 0 0 0 0 0 0 0 0 0 0 0 0 0 0 0 0 0 0 0 77 68 79 32 101 120 116 114 97 32 100 97 116 97 32 108 111 99 107 0 0 0 0 0 0 0 0 0 0 0 0 0 0 0 0 0 0 0 0 0 0 0 0 0 0 0 0 0 0 0 0 0 0 0 0 0 0 0 0 0 0 0 0 0 1 0 0 0 0 0 0 0 0 0 0 0 0 0 0 0 0 0 0 0 0 0 0 0 0 0 0 0 0 0 0 0 0 0 0 1 0 0 0 0 0 0 0 0 0 0 0 0 0 0 0 0 0 0 0 0 0 0 0 0 0 0 0 0 0 0 0 0 0 0 0 0 0 2 0 0 113 161 13 0 1 0 0 0 93 159 1 0 0 0 0 0 2 0 0 0 0 0 94 0 2 0 0 0 224 5 0 0 255 255 255 255 8 0 1 0 0 0 0 0 data 188 0x10008 0xa 0x0 0x5d0 0xf 0x60 0x6 0x240 0x36 0x360 0x44 0x540 0x230007 0x1eb0 0x30 0x0 0x2e0002 0x0 0x350007 0x1e88 0x30 0x28 0x400002 0x28 0x470007 0x1c34 0x30 0x254 0x520002 0x254 0x590007 0x10b1 0x30 0xb83 0x640002 0xb83 0x6b0007 0xef3 0x30 0x1be 0x760002 0x1be 0x7d0007 0xe44 0x30 0xaf 0x880002 0xaf 0x8f0007 0xe44 0x30 0x0 0x9a0002 0x0 0xa10007 0xc77 0x30 0x1cd 0xac0002 0x1cd 0xb30007 0xc77 0x30 0x0 0xbe0002 0x0 0xc50007 0x0 0x3c0 0xc77 0xd00002 0xc77 0xd70007 0x592 0x30 0x3c74 0xe20002 0x3c74 0xe90007 0x526 0x30 0x6c 0xf40002 0x6c 0xfb0007 0x32a 0x30 0x1fc 0x1060002 0x1fc 0x10d0007 0x2b9 0x30 0x71 0x1180002 0x71 0x11f0007 0x0 0x30 0x2b9 0x12a0002 0x2b9 0x1310007 0x0 0x2a0 0x0 0x13c0002 0x0 0x1430007 0x7cfd 0x30 0x20 0x14e0002 0x20 0x1550007 0x1e2a 0x30 0x5ed3 0x1600002 0x5ed3 0x1670007 0x1c7d 0x30 0x1ad 0x1720002 0x1ad 0x1790007 0x19f9 0x30 0x284 0x1840002 0x284 0x18b0007 0x11ad 0x30 0x84c 0x1960002 0x84c 0x19d0007 0xff6 0x30 0x1b7 0x1a80002 0x1b7 0x1af0007 0x5ae 0x30 0xa48 0x1ba0002 0xa48 0x1c1e007 0x5ab 0x30 0x4 0x1cc0002 0x4 0x1d30007 0x0 0x30 0x5ab 0x1de0002 0x5ab 0x1e50007 0x0 0xc0 0x0 0x1f00002 0x0 0x1f70007 0x778d 0x30 0x5ece 0x2020002 0x5ece 0x2090007 0x2ee4 0x30 0x48a9 0x2140002 0x48a9 0x21b0007 0x27b5 0x30 0x72f 0x2260002 0x72f 0x2340002 0x27b5 oops 0
ciMethodData com/android/dx/cf/attrib/BaseAttribute <init> (Ljava/lang/String;)V 2 64469 orig 264 248 205 101 94 0 0 0 0 128 240 31 21 0 0 0 0 104 1 0 0 0 0 0 0 0 0 0 0 0 0 0 0 0 0 0 0 0 0 0 0 0 0 0 0 0 0 0 0 0 0 0 0 0 0 0 0 0 0 0 0 0 0 0 0 0 0 0 0 0 0 0 0 0 0 0 0 0 0 0 0 77 68 79 32 101 120 116 114 97 32 100 97 116 97 32 108 111 99 107 0 0 0 0 0 0 0 0 0 0 0 0 0 0 0 0 0 0 0 0 0 0 0 0 0 0 0 0 0 0 0 0 0 0 0 0 0 0 0 0 0 0 0 0 0 0 0 0 0 0 0 0 0 0 0 0 0 0 0 0 0 0 0 0 0 0 0 0 0 0 0 0 0 0 0 0 0 0 0 0 0 0 0 0 0 0 0 0 0 0 0 0 0 0 0 0 0 0 0 0 0 0 0 0 0 0 0 0 0 0 0 0 0 0 0 0 0 0 2 0 0 169 206 7 0 1 0 0 0 0 0 0 0 0 0 0 0 2 0 0 0 0 0 5 0 2 0 0 0 64 0 0 0 255 255 255 255 2 0 1 0 0 0 0 0 data 8 0x10002 0xf9d5 0x50007 0xf9d5 0x30 0x0 0xe0002 0x0 oops 0
ciMethodData com/android/dx/cf/direct/StdAttributeFactory deprecated (Lcom/android/dx/cf/direct/DirectClassFile;IILcom/android/dx/cf/iface/ParseObserver;)Lcom/android/dx/cf/iface/Attribute; 1 594 orig 264 248 205 101 94 0 0 0 0 160 194 25 21 0 0 0 0 168 1 0 0 32 0 0 0 0 0 0 0 0 0 0 0 0 0 0 0 0 0 0 0 0 0 0 0 0 0 0 0 0 0 0 0 0 0 0 0 0 0 0 0 0 0 0 0 0 0 0 0 0 0 0 0 0 0 0 0 0 0 0 0 77 68 79 32 101 120 116 114 97 32 100 97 116 97 32 108 111 99 107 0 0 0 0 0 0 0 0 0 0 0 0 0 0 0 0 0 0 0 0 0 0 0 0 0 0 0 0 0 0 0 0 0 0 0 0 0 0 0 0 0 0 0 0 0 0 0 0 0 0 0 0 0 0 0 0 0 0 0 0 0 0 0 0 0 0 0 0 0 0 0 0 0 0 0 0 0 0 0 0 0 0 0 0 0 0 0 0 0 0 0 0 0 0 0 0 0 0 0 0 0 0 0 0 0 0 0 0 0 0 0 0 0 0 0 0 0 0 0 0 0 145 18 0 0 1 0 0 0 0 0 0 0 0 0 0 0 2 0 0 0 0 0 0 0 0 0 0 0 64 0 0 0 255 255 255 255 7 0 1 0 0 0 0 0 data 8 0x10007 0x252 0x30 0x0 0x50002 0x0 0xd0002 0x252 oops 0
ciMethodData com/android/dx/cf/direct/StdAttributeFactory runtimeInvisibleAnnotations (Lcom/android/dx/cf/direct/DirectClassFile;IILcom/android/dx/cf/iface/ParseObserver;)Lcom/android/dx/cf/iface/Attribute; 1 3858 orig 264 248 205 101 94 0 0 0 0 240 210 25 21 0 0 0 0 232 1 0 0 32 0 0 0 0 0 0 0 0 0 0 0 0 0 0 0 0 0 0 0 0 0 0 0 0 0 0 0 0 0 0 0 0 0 0 0 0 0 0 0 0 0 0 0 0 0 0 0 0 0 0 0 0 0 0 0 0 0 0 0 77 68 79 32 101 120 116 114 97 32 100 97 116 97 32 108 111 99 107 0 0 0 0 0 0 0 0 0 0 0 0 0 0 0 0 0 0 0 0 0 0 0 0 0 0 0 0 0 0 0 0 0 0 0 0 0 0 0 0 0 0 0 0 0 0 0 0 0 0 0 0 0 0 0 0 0 0 0 0 0 0 0 0 0 0 0 0 0 0 0 0 0 0 0 0 0 0 0 0 0 0 0 0 0 0 0 0 0 0 0 0 0 0 0 0 0 0 0 0 0 0 0 0 0 0 0 0 0 0 0 0 0 0 0 0 0 0 0 0 0 81 8 0 0 1 0 0 0 0 0 0 0 0 0 0 0 2 0 0 0 0 0 5 0 2 0 0 0 128 0 0 0 255 255 255 255 7 0 2 0 0 0 0 0 data 16 0x20007 0x10a 0x30 0x0 0x50002 0x0 0x120002 0x10a 0x1c0005 0x10a 0x0 0x0 0x0 0x0 0x280002 0x10a oops 0
ciMethodData com/android/dx/cf/direct/StdAttributeFactory runtimeVisibleAnnotations (Lcom/android/dx/cf/direct/DirectClassFile;IILcom/android/dx/cf/iface/ParseObserver;)Lcom/android/dx/cf/iface/Attribute; 1 790 orig 264 248 205 101 94 0 0 0 0 32 212 25 21 0 0 0 0 232 1 0 0 32 0 0 0 0 0 0 0 0 0 0 0 0 0 0 0 0 0 0 0 0 0 0 0 0 0 0 0 0 0 0 0 0 0 0 0 0 0 0 0 0 0 0 0 0 0 0 0 0 0 0 0 0 0 0 0 0 0 0 0 77 68 79 32 101 120 116 114 97 32 100 97 116 97 32 108 111 99 107 0 0 0 0 0 0 0 0 0 0 0 0 0 0 0 0 0 0 0 0 0 0 0 0 0 0 0 0 0 0 0 0 0 0 0 0 0 0 0 0 0 0 0 0 0 0 0 0 0 0 0 0 0 0 0 0 0 0 0 0 0 0 0 0 0 0 0 0 0 0 0 0 0 0 0 0 0 0 0 0 0 0 0 0 0 0 0 0 0 0 0 0 0 0 0 0 0 0 0 0 0 0 0 0 0 0 0 0 0 0 0 0 0 0 0 0 0 0 0 0 0 225 8 0 0 1 0 0 0 0 0 0 0 0 0 0 0 2 0 0 0 0 0 5 0 2 0 0 0 128 0 0 0 255 255 255 255 7 0 2 0 0 0 0 0 data 16 0x20007 0x11c 0x30 0x0 0x50002 0x0 0x120002 0x11c 0x1c0005 0x11c 0x0 0x0 0x0 0x0 0x280002 0x11c oops 0
ciMethodData com/android/dx/cf/direct/StdAttributeFactory signature (Lcom/android/dx/cf/direct/DirectClassFile;IILcom/android/dx/cf/iface/ParseObserver;)Lcom/android/dx/cf/iface/Attribute; 1 2935 orig 264 248 205 101 94 0 0 0 0 8 216 25 21 0 0 0 0 136 3 0 0 32 0 0 0 0 0 0 0 0 0 0 0 0 0 0 0 0 0 0 0 0 0 0 0 0 0 0 0 0 0 0 0 0 0 0 0 0 0 0 0 0 0 0 0 0 0 0 0 0 0 0 0 0 0 0 0 0 0 0 0 77 68 79 32 101 120 116 114 97 32 100 97 116 97 32 108 111 99 107 0 0 0 0 0 0 0 0 0 0 0 0 0 0 0 0 0 0 0 0 0 0 0 0 0 0 0 0 0 0 0 0 0 0 0 0 0 0 0 0 0 0 0 0 0 0 0 0 0 0 0 0 0 0 0 0 0 0 0 0 0 0 0 0 0 0 0 0 0 0 0 0 0 0 0 0 0 0 0 0 0 0 0 0 0 0 0 0 0 0 0 0 0 0 0 0 0 0 0 0 0 0 0 0 0 0 0 0 0 0 0 0 0 0 0 0 0 3 0 0 0 57 27 0 0 1 0 0 0 0 0 0 0 0 0 0 0 2 0 0 0 0 0 28 0 2 0 0 0 32 2 0 0 255 255 255 255 7 0 2 0 0 0 0 0 data 68 0x20007 0x367 0x30 0x0 0x60002 0x0 0xb0005 0x0 0x17d3df30 0x367 0x0 0x0 0x110005 0x0 0x17d3df30 0x367 0x0 0x0 0x190005 0x103 0x18471db0 0x264 0x0 0x0 0x220005 0x0 0x183581f0 0x367 0x0 0x0 0x270004 0x0 0x18fcb850 0x367 0x0 0x0 0x320002 0x367 0x390007 0x367 0xf0 0x0 0x460002 0x0 0x4b0005 0x0 0x0 0x0 0x0 0x0 0x500005 0x0 0x0 0x0 0x0 0x0 0x530005 0x0 0x0 0x0 0x0 0x0 0x560005 0x0 0x0 0x0 0x0 0x0 oops 5